<?xml version="1.0" encoding="UTF-8"?>
<!-- Generated by org.testng.reporters.JUnitReportReporter -->
<testsuite hostname="Ishas-MacBook-Air.local" failures="0" tests="3" name="com.tesla.insurance.TeslaInsuranceTest" time="11.106" errors="0" timestamp="2025-09-25T01:42:39 PDT" skipped="0">
  <testcase classname="com.tesla.insurance.TeslaInsuranceTest" name="testReplicaInsurancePageHeading" time="0.457"/>
  <testcase classname="com.tesla.insurance.TeslaInsuranceTest" name="testGetQuoteButtonIsClickable" time="1.202"/>
  <testcase classname="com.tesla.insurance.TeslaInsuranceTest" name="testGetQuoteFormSubmission" time="9.447"/>
</testsuite> <!-- com.tesla.insurance.TeslaInsuranceTest -->
